<?xml version="1.0" encoding="UTF-8"?>
<!-- Generated by org.testng.reporters.JUnitXMLReporter -->
<testsuite ignored="2" hostname="DESKTOP-01LRPB8" failures="0" tests="1" name="Default test" time="19.757" errors="0" timestamp="2023-11-29T06:33:56 IST">
  <testcase classname="apiTests.LoginTest" name="getData_TC02" time="14.873"/>
  <testcase classname="apiTests.LoginTest" name="addData_TC02" time="0.0">
    <ignored/>
  </testcase> <!-- addData_TC02 -->
  <testcase classname="apiTests.LoginTest" name="loginTC_01" time="0.0">
    <ignored/>
  </testcase> <!-- loginTC_01 -->
</testsuite> <!-- Default test -->
