<?xml version="1.0" encoding="UTF-8"?>
<testng-results ignored="2" total="3" passed="1" failed="0" skipped="0">
  <reporter-output>
  </reporter-output>
  <suite started-at="2023-11-29T06:33:36 IST" name="Default suite" finished-at="2023-11-29T06:33:56 IST" duration-ms="19757">
    <groups>
    </groups>
    <test started-at="2023-11-29T06:33:36 IST" name="Default test" finished-at="2023-11-29T06:33:56 IST" duration-ms="19757">
      <class name="apiTests.LoginTest">
        <test-method is-config="true" signature="setUp()[pri:0, instance:apiTests.LoginTest@71075444]" started-at="2023-11-29T06:33:36 IST" name="setUp" finished-at="2023-11-29T06:33:41 IST" duration-ms="4802" status="PASS">
          <reporter-output>
          </reporter-output>
        </test-method> <!-- setUp -->
        <test-method signature="getData_TC02()[pri:0, instance:apiTests.LoginTest@71075444]" started-at="2023-11-29T06:33:41 IST" name="getData_TC02" finished-at="2023-11-29T06:33:55 IST" duration-ms="14873" status="PASS">
          <reporter-output>
          </reporter-output>
        </test-method> <!-- getData_TC02 -->
      </class> <!-- apiTests.LoginTest -->
    </test> <!-- Default test -->
  </suite> <!-- Default suite -->
</testng-results>
